[31m[Nest] 2148  - [39m07/17/2026, 2:23:42 PM [31m  ERROR[39m [38;5;3m[NestApplication] [39m[31mError: listen EADDRINUSE: address already in use :::4000[39m[38;5;3m +3ms[39m
node:net:1940
    const ex = new UVExceptionWithHostPort(err, 'listen', address, port);
               ^

Error: listen EADDRINUSE: address already in use :::4000
    at Server.setupListenHandle [as _listen2] (node:net:1940:16)
    at listenInCluster (node:net:1997:12)
    at Server.listen (node:net:2102:7)
    at ExpressAdapter.listen (C:\Users\user\Downloads\Free_job\موقع تعليم\node_modules\.pnpm\@nestjs+platform-express@11.1.27_@nestjs+common@11.1.27_class-transformer@0.5.1_class-validat_kwflgrgcr4y5h7ccrdjoo663hy\node_modules\@nestjs\platform-express\adapters\express-adapter.js:115:32)
    at C:\Users\user\Downloads\Free_job\موقع تعليم\node_modules\.pnpm\@nestjs+core@11.1.27_@nestjs+common@11.1.27_class-transformer@0.5.1_class-validator@0.15.1_re_djo3labkoyby6euzbuxuwjknnu\node_modules\@nestjs\core\nest-application.js:190:30
    at new Promise (<anonymous>)
    at NestApplication.listen (C:\Users\user\Downloads\Free_job\موقع تعليم\node_modules\.pnpm\@nestjs+core@11.1.27_@nestjs+common@11.1.27_class-transformer@0.5.1_class-validator@0.15.1_re_djo3labkoyby6euzbuxuwjknnu\node_modules\@nestjs\core\nest-application.js:180:16)
    at process.processTicksAndRejections (node:internal/process/task_queues:103:5)
    at async bootstrap (C:\Users\user\Downloads\Free_job\موقع تعليم\apps\api\dist\main.js:124:5) {
  code: 'EADDRINUSE',
  errno: -4091,
  syscall: 'listen',
  address: '::',
  port: 4000
}

Node.js v24.11.1
